{"level":"error","message":"TypeError: Cannot set property query of #<IncomingMessage> which has only a getter\n    at C:\\Code\\BackEnd\\PostAway_With_MicroservicesArch\\auth-service\\node_modules\\express-mongo-sanitize\\index.js:113:18\n    at Array.forEach (<anonymous>)\n    at C:\\Code\\BackEnd\\PostAway_With_MicroservicesArch\\auth-service\\node_modules\\express-mongo-sanitize\\index.js:110:44\n    at Layer.handleRequest (C:\\Code\\BackEnd\\PostAway_With_MicroservicesArch\\auth-service\\node_modules\\router\\lib\\layer.js:152:17)\n    at trimPrefix (C:\\Code\\BackEnd\\PostAway_With_MicroservicesArch\\auth-service\\node_modules\\router\\index.js:342:13)\n    at C:\\Code\\BackEnd\\PostAway_With_MicroservicesArch\\auth-service\\node_modules\\router\\index.js:297:9\n    at processParams (C:\\Code\\BackEnd\\PostAway_With_MicroservicesArch\\auth-service\\node_modules\\router\\index.js:582:12)\n    at next (C:\\Code\\BackEnd\\PostAway_With_MicroservicesArch\\auth-service\\node_modules\\router\\index.js:291:5)\n    at internalNext (file:///C:/Code/BackEnd/PostAway_With_MicroservicesArch/auth-service/node_modules/helmet/index.mjs:527:6)\n    at xXssProtectionMiddleware (file:///C:/Code/BackEnd/PostAway_With_MicroservicesArch/auth-service/node_modules/helmet/index.mjs:307:3)","timestamp":"2025-04-27T11:46:32.666Z"}
{"level":"error","message":"TypeError: Cannot set property query of #<IncomingMessage> which has only a getter\n    at C:\\Code\\BackEnd\\PostAway_With_MicroservicesArch\\auth-service\\node_modules\\express-mongo-sanitize\\index.js:113:18\n    at Array.forEach (<anonymous>)\n    at C:\\Code\\BackEnd\\PostAway_With_MicroservicesArch\\auth-service\\node_modules\\express-mongo-sanitize\\index.js:110:44\n    at Layer.handleRequest (C:\\Code\\BackEnd\\PostAway_With_MicroservicesArch\\auth-service\\node_modules\\router\\lib\\layer.js:152:17)\n    at trimPrefix (C:\\Code\\BackEnd\\PostAway_With_MicroservicesArch\\auth-service\\node_modules\\router\\index.js:342:13)\n    at C:\\Code\\BackEnd\\PostAway_With_MicroservicesArch\\auth-service\\node_modules\\router\\index.js:297:9\n    at processParams (C:\\Code\\BackEnd\\PostAway_With_MicroservicesArch\\auth-service\\node_modules\\router\\index.js:582:12)\n    at next (C:\\Code\\BackEnd\\PostAway_With_MicroservicesArch\\auth-service\\node_modules\\router\\index.js:291:5)\n    at internalNext (file:///C:/Code/BackEnd/PostAway_With_MicroservicesArch/auth-service/node_modules/helmet/index.mjs:527:6)\n    at xXssProtectionMiddleware (file:///C:/Code/BackEnd/PostAway_With_MicroservicesArch/auth-service/node_modules/helmet/index.mjs:307:3)","timestamp":"2025-04-27T11:48:07.969Z"}
{"level":"error","message":"TypeError: Cannot set property query of #<IncomingMessage> which has only a getter\n    at C:\\Code\\BackEnd\\PostAway_With_MicroservicesArch\\auth-service\\node_modules\\express-mongo-sanitize\\index.js:113:18\n    at Array.forEach (<anonymous>)\n    at C:\\Code\\BackEnd\\PostAway_With_MicroservicesArch\\auth-service\\node_modules\\express-mongo-sanitize\\index.js:110:44\n    at Layer.handleRequest (C:\\Code\\BackEnd\\PostAway_With_MicroservicesArch\\auth-service\\node_modules\\router\\lib\\layer.js:152:17)\n    at trimPrefix (C:\\Code\\BackEnd\\PostAway_With_MicroservicesArch\\auth-service\\node_modules\\router\\index.js:342:13)\n    at C:\\Code\\BackEnd\\PostAway_With_MicroservicesArch\\auth-service\\node_modules\\router\\index.js:297:9\n    at processParams (C:\\Code\\BackEnd\\PostAway_With_MicroservicesArch\\auth-service\\node_modules\\router\\index.js:582:12)\n    at next (C:\\Code\\BackEnd\\PostAway_With_MicroservicesArch\\auth-service\\node_modules\\router\\index.js:291:5)\n    at internalNext (file:///C:/Code/BackEnd/PostAway_With_MicroservicesArch/auth-service/node_modules/helmet/index.mjs:527:6)\n    at xXssProtectionMiddleware (file:///C:/Code/BackEnd/PostAway_With_MicroservicesArch/auth-service/node_modules/helmet/index.mjs:307:3)","timestamp":"2025-04-27T11:51:21.669Z"}
{"level":"error","message":"TypeError: Cannot set property query of #<IncomingMessage> which has only a getter\n    at C:\\Code\\BackEnd\\PostAway_With_MicroservicesArch\\auth-service\\node_modules\\xss-clean\\lib\\index.js:8:30\n    at Layer.handleRequest (C:\\Code\\BackEnd\\PostAway_With_MicroservicesArch\\auth-service\\node_modules\\router\\lib\\layer.js:152:17)\n    at trimPrefix (C:\\Code\\BackEnd\\PostAway_With_MicroservicesArch\\auth-service\\node_modules\\router\\index.js:342:13)\n    at C:\\Code\\BackEnd\\PostAway_With_MicroservicesArch\\auth-service\\node_modules\\router\\index.js:297:9\n    at processParams (C:\\Code\\BackEnd\\PostAway_With_MicroservicesArch\\auth-service\\node_modules\\router\\index.js:582:12)\n    at next (C:\\Code\\BackEnd\\PostAway_With_MicroservicesArch\\auth-service\\node_modules\\router\\index.js:291:5)\n    at internalNext (file:///C:/Code/BackEnd/PostAway_With_MicroservicesArch/auth-service/node_modules/helmet/index.mjs:527:6)\n    at xXssProtectionMiddleware (file:///C:/Code/BackEnd/PostAway_With_MicroservicesArch/auth-service/node_modules/helmet/index.mjs:307:3)\n    at internalNext (file:///C:/Code/BackEnd/PostAway_With_MicroservicesArch/auth-service/node_modules/helmet/index.mjs:525:6)\n    at xPoweredByMiddleware (file:///C:/Code/BackEnd/PostAway_With_MicroservicesArch/auth-service/node_modules/helmet/index.mjs:300:3)","timestamp":"2025-04-27T11:51:59.699Z"}
{"level":"error","message":"TypeError: Cannot set property query of #<IncomingMessage> which has only a getter\n    at C:\\Code\\BackEnd\\PostAway_With_MicroservicesArch\\auth-service\\node_modules\\xss-clean\\lib\\index.js:8:30\n    at Layer.handleRequest (C:\\Code\\BackEnd\\PostAway_With_MicroservicesArch\\auth-service\\node_modules\\router\\lib\\layer.js:152:17)\n    at trimPrefix (C:\\Code\\BackEnd\\PostAway_With_MicroservicesArch\\auth-service\\node_modules\\router\\index.js:342:13)\n    at C:\\Code\\BackEnd\\PostAway_With_MicroservicesArch\\auth-service\\node_modules\\router\\index.js:297:9\n    at processParams (C:\\Code\\BackEnd\\PostAway_With_MicroservicesArch\\auth-service\\node_modules\\router\\index.js:582:12)\n    at next (C:\\Code\\BackEnd\\PostAway_With_MicroservicesArch\\auth-service\\node_modules\\router\\index.js:291:5)\n    at internalNext (file:///C:/Code/BackEnd/PostAway_With_MicroservicesArch/auth-service/node_modules/helmet/index.mjs:527:6)\n    at xXssProtectionMiddleware (file:///C:/Code/BackEnd/PostAway_With_MicroservicesArch/auth-service/node_modules/helmet/index.mjs:307:3)\n    at internalNext (file:///C:/Code/BackEnd/PostAway_With_MicroservicesArch/auth-service/node_modules/helmet/index.mjs:525:6)\n    at xPoweredByMiddleware (file:///C:/Code/BackEnd/PostAway_With_MicroservicesArch/auth-service/node_modules/helmet/index.mjs:300:3)","timestamp":"2025-04-27T11:53:23.172Z"}
{"level":"error","message":"Username is required","timestamp":"2025-05-03T11:52:12.428Z"}
{"level":"error","message":"Please provide users data as an array","timestamp":"2025-05-03T11:53:12.702Z"}
{"level":"error","message":"Username is required","timestamp":"2025-05-03T11:53:38.463Z"}
{"level":"error","message":"Username is required","timestamp":"2025-05-03T12:11:26.703Z"}
{"level":"error","message":"Users is required","timestamp":"2025-05-03T12:12:51.431Z"}
{"level":"error","message":"Please provide users data as an array","timestamp":"2025-05-03T12:13:56.888Z"}
{"level":"error","message":"Please provide users data as an array","timestamp":"2025-05-03T12:14:52.494Z"}
{"level":"error","timestamp":"2025-05-03T12:15:58.849Z"}
{"level":"error","timestamp":"2025-05-03T12:16:33.626Z"}
{"level":"error","timestamp":"2025-05-03T12:17:13.775Z"}
{"errors":[],"level":"error","message":"Value of errors from bulk-register: ","timestamp":"2025-05-03T12:18:30.966Z"}
{"level":"error","timestamp":"2025-05-03T12:18:31.017Z"}
{"level":"error","timestamp":"2025-05-03T12:20:05.619Z"}
{"level":"error","timestamp":"2025-05-03T12:20:57.410Z"}
{"level":"error","timestamp":"2025-05-03T12:22:00.063Z"}
{"level":"error","timestamp":"2025-05-03T12:28:41.593Z"}
{"level":"error","timestamp":"2025-05-03T12:28:46.799Z"}
{"level":"error","timestamp":"2025-05-03T12:31:32.294Z"}
{"level":"error","timestamp":"2025-05-03T12:34:56.598Z"}
{"level":"error","message":"User already exists","timestamp":"2025-05-03T12:36:26.984Z"}
{"level":"error","message":"Username is required","timestamp":"2025-05-03T12:36:36.077Z"}
{"level":"error","message":"Email is required","timestamp":"2025-05-03T12:36:55.967Z"}
{"level":"error","message":"Password must be at least 6 characters long","timestamp":"2025-05-03T12:37:05.846Z"}
{"level":"error","message":"User already exists","timestamp":"2025-05-03T12:37:29.000Z"}
{"_message":"User validation failed","errors":{"gender":{"kind":"required","message":"Path `gender` is required.","name":"ValidatorError","path":"gender","properties":{"message":"Path `gender` is required.","path":"gender","type":"required","value":""},"value":""}},"level":"error","message":"User validation failed: gender: Path `gender` is required.","name":"ValidationError","timestamp":"2025-05-03T12:37:37.612Z"}
{"level":"error","message":"Gender is required!","timestamp":"2025-05-03T12:39:58.316Z"}
{"level":"error","message":"Gender is required!","timestamp":"2025-05-03T12:40:04.729Z"}
{"level":"error","message":"Gender is required!","timestamp":"2025-05-03T12:40:12.460Z"}
{"level":"error","message":"GPlease mention gender as \"Male\" or \"Female\"!","timestamp":"2025-05-03T12:40:41.783Z"}
{"level":"error","message":"GPlease mention gender as \"Male\" or \"Female\"!","timestamp":"2025-05-03T12:40:49.009Z"}
{"level":"error","timestamp":"2025-05-03T12:42:33.754Z"}
{"level":"error","timestamp":"2025-05-03T12:44:01.593Z"}
{"level":"error","message":"Error hashing password for user: unknown email Password is missing for user: unknown email","stack":"Error: Password is missing for user: unknown email\n    at file:///C:/Code/BackEnd/PostAway_With_MicroservicesArch/auth-service/src/controllers/authController.js:53:27\n    at Array.map (<anonymous>)\n    at bulkRegister (file:///C:/Code/BackEnd/PostAway_With_MicroservicesArch/auth-service/src/controllers/authController.js:50:15)\n    at Layer.handleRequest (C:\\Code\\BackEnd\\PostAway_With_MicroservicesArch\\auth-service\\node_modules\\router\\lib\\layer.js:152:17)\n    at next (C:\\Code\\BackEnd\\PostAway_With_MicroservicesArch\\auth-service\\node_modules\\router\\lib\\route.js:157:13)\n    at Route.dispatch (C:\\Code\\BackEnd\\PostAway_With_MicroservicesArch\\auth-service\\node_modules\\router\\lib\\route.js:117:3)\n    at handle (C:\\Code\\BackEnd\\PostAway_With_MicroservicesArch\\auth-service\\node_modules\\router\\index.js:435:11)\n    at Layer.handleRequest (C:\\Code\\BackEnd\\PostAway_With_MicroservicesArch\\auth-service\\node_modules\\router\\lib\\layer.js:152:17)\n    at C:\\Code\\BackEnd\\PostAway_With_MicroservicesArch\\auth-service\\node_modules\\router\\index.js:295:15\n    at processParams (C:\\Code\\BackEnd\\PostAway_With_MicroservicesArch\\auth-service\\node_modules\\router\\index.js:582:12)","timestamp":"2025-05-03T13:22:50.520Z"}
